Godot Engine v3.2.3.stable.official - https://godotengine.org
OpenGL ES 3.0 Renderer: GeForce GTX 1070/PCIe/SSE2
 
**WARNING**: Font oversampling only works with the resize modes 'Keep Width', 'Keep Height', and 'Expand'.
   At: scene/main/scene_tree.cpp:1153:_update_root_rect() - Font oversampling only works with the resize modes 'Keep Width', 'Keep Height', and 'Expand'.
Client resources changed: supplies -> 52.424491
Client resources changed: credits -> 87.800527
0.25
0.25
0.25
0.25
0.01087
0.01087
0.108696
0.108696
0.108696
0.108696
0.108696
0.108696
0.108696
0.108696
0.108696
State changed: client_view -> CLIENT_VIEW_MAIN_MENU
State changed: game -> GAME_OVER
**WARNING**: Font oversampling only works with the resize modes 'Keep Width', 'Keep Height', and 'Expand'.
   At: scene/main/scene_tree.cpp:1153:_update_root_rect() - Font oversampling only works with the resize modes 'Keep Width', 'Keep Height', and 'Expand'.
